  unity_FC4WZKD84246AVM8.cpp
D:\VisualStudio Projects\Rockman-Dash-Dark\Reference\Header\Assimp\assimp\material.inl(101,47): error C2589: '(': '::' 오른쪽에 잘못된 토큰이 있습니다.
D:\VisualStudio Projects\Rockman-Dash-Dark\Reference\Header\Assimp\assimp\material.h(725,14): message : 이 진단은 컴파일러 생성 함수 'aiReturn aiMaterial::Get(const char *,unsigned int,unsigned int,Type *,unsigned int *) const'에서 수행되었습니다.
D:\VisualStudio Projects\Rockman-Dash-Dark\Reference\Header\Assimp\assimp\material.inl(101,47): error C2760: 구문 오류: 여기서 '('은(는) 예상치 못한 오류였습니다. 예상된 오류는 ')'였습니다
D:\VisualStudio Projects\Rockman-Dash-Dark\Reference\Header\Assimp\assimp\material.h(725,14): message : 이 진단은 컴파일러 생성 함수 'aiReturn aiMaterial::Get(const char *,unsigned int,unsigned int,Type *,unsigned int *) const'에서 수행되었습니다.
D:\VisualStudio Projects\Rockman-Dash-Dark\Reference\Header\Assimp\assimp\material.inl(101,47): error C3878: 구문 오류: 예기치 않은 토큰 '('이(가) 'expression' 다음에 있습니다.
D:\VisualStudio Projects\Rockman-Dash-Dark\Reference\Header\Assimp\assimp\material.h(725,14): message : 이 진단은 컴파일러 생성 함수 'aiReturn aiMaterial::Get(const char *,unsigned int,unsigned int,Type *,unsigned int *) const'에서 수행되었습니다.
D:\VisualStudio Projects\Rockman-Dash-Dark\Reference\Header\Assimp\assimp\material.inl(101,47): message : 오류 복구를 건너뛰었습니다. '( static_cast <  . . . 식별자'
D:\VisualStudio Projects\Rockman-Dash-Dark\Reference\Header\Assimp\assimp\material.h(725,14): message : 이 진단은 컴파일러 생성 함수 'aiReturn aiMaterial::Get(const char *,unsigned int,unsigned int,Type *,unsigned int *) const'에서 수행되었습니다.
D:\VisualStudio Projects\Rockman-Dash-Dark\Reference\Header\Assimp\assimp\material.inl(101,47): error C2760: 구문 오류: 여기서 ')'은(는) 예상치 못한 오류였습니다. 예상된 오류는 ';'였습니다
D:\VisualStudio Projects\Rockman-Dash-Dark\Reference\Header\Assimp\assimp\material.h(725,14): message : 이 진단은 컴파일러 생성 함수 'aiReturn aiMaterial::Get(const char *,unsigned int,unsigned int,Type *,unsigned int *) const'에서 수행되었습니다.
D:\VisualStudio Projects\Rockman-Dash-Dark\Reference\Header\Assimp\assimp\material.inl(101,47): error C3878: 구문 오류: 예기치 않은 토큰 ')'이(가) 'expression_statement' 다음에 있습니다.
D:\VisualStudio Projects\Rockman-Dash-Dark\Reference\Header\Assimp\assimp\material.h(725,14): message : 이 진단은 컴파일러 생성 함수 'aiReturn aiMaterial::Get(const char *,unsigned int,unsigned int,Type *,unsigned int *) const'에서 수행되었습니다.
D:\VisualStudio Projects\Rockman-Dash-Dark\Reference\Header\Assimp\assimp\material.inl(101,47): error C3878: 구문 오류: 예기치 않은 토큰 ')'이(가) 'statement' 다음에 있습니다.
D:\VisualStudio Projects\Rockman-Dash-Dark\Reference\Header\Assimp\assimp\material.h(725,14): message : 이 진단은 컴파일러 생성 함수 'aiReturn aiMaterial::Get(const char *,unsigned int,unsigned int,Type *,unsigned int *) const'에서 수행되었습니다.
D:\VisualStudio Projects\Rockman-Dash-Dark\Reference\Header\Assimp\assimp\material.inl(101,47): error C3878: 구문 오류: 예기치 않은 토큰 ')'이(가) 'statement_seq' 다음에 있습니다.
D:\VisualStudio Projects\Rockman-Dash-Dark\Reference\Header\Assimp\assimp\material.inl(101,47): message : 다음 중 하나가 없습니다.  '}' ?
D:\VisualStudio Projects\Rockman-Dash-Dark\Reference\Header\Assimp\assimp\material.h(725,14): message : 이 진단은 컴파일러 생성 함수 'aiReturn aiMaterial::Get(const char *,unsigned int,unsigned int,Type *,unsigned int *) const'에서 수행되었습니다.
D:\VisualStudio Projects\Rockman-Dash-Dark\Reference\Header\Assimp\assimp\material.inl(101,47): error C2760: 구문 오류: 여기서 ')'은(는) 예상치 못한 오류였습니다. 예상된 오류는 '}'였습니다
D:\VisualStudio Projects\Rockman-Dash-Dark\Reference\Header\Assimp\assimp\material.h(725,14): message : 이 진단은 컴파일러 생성 함수 'aiReturn aiMaterial::Get(const char *,unsigned int,unsigned int,Type *,unsigned int *) const'에서 수행되었습니다.
D:\VisualStudio Projects\Rockman-Dash-Dark\Reference\Header\Assimp\assimp\material.inl(101,47): error C3878: 구문 오류: 예기치 않은 토큰 ')'이(가) 'compound_statement' 다음에 있습니다.
D:\VisualStudio Projects\Rockman-Dash-Dark\Reference\Header\Assimp\assimp\material.h(725,14): message : 이 진단은 컴파일러 생성 함수 'aiReturn aiMaterial::Get(const char *,unsigned int,unsigned int,Type *,unsigned int *) const'에서 수행되었습니다.
D:\VisualStudio Projects\Rockman-Dash-Dark\Reference\Header\Assimp\assimp\material.inl(101,47): error C3878: 구문 오류: 예기치 않은 토큰 ')'이(가) 'selection_statement' 다음에 있습니다.
D:\VisualStudio Projects\Rockman-Dash-Dark\Reference\Header\Assimp\assimp\material.h(725,14): message : 이 진단은 컴파일러 생성 함수 'aiReturn aiMaterial::Get(const char *,unsigned int,unsigned int,Type *,unsigned int *) const'에서 수행되었습니다.
D:\VisualStudio Projects\Rockman-Dash-Dark\Reference\Header\Assimp\assimp\material.inl(101,47): message : 오류 복구를 건너뛰었습니다. ') ) <'
D:\VisualStudio Projects\Rockman-Dash-Dark\Reference\Header\Assimp\assimp\material.h(725,14): message : 이 진단은 컴파일러 생성 함수 'aiReturn aiMaterial::Get(const char *,unsigned int,unsigned int,Type *,unsigned int *) const'에서 수행되었습니다.
D:\VisualStudio Projects\Rockman-Dash-Dark\Reference\Header\Assimp\assimp\material.inl(101,47): message : 오류 복구를 건너뛰었습니다. ') ?'
D:\VisualStudio Projects\Rockman-Dash-Dark\Reference\Header\Assimp\assimp\material.h(725,14): message : 이 진단은 컴파일러 생성 함수 'aiReturn aiMaterial::Get(const char *,unsigned int,unsigned int,Type *,unsigned int *) const'에서 수행되었습니다.
D:\VisualStudio Projects\Rockman-Dash-Dark\Reference\Header\Assimp\assimp\material.inl(101,47): error C2760: 구문 오류: 여기서 ':'은(는) 예상치 못한 오류였습니다. 예상된 오류는 ';'였습니다
D:\VisualStudio Projects\Rockman-Dash-Dark\Reference\Header\Assimp\assimp\material.h(725,14): message : 이 진단은 컴파일러 생성 함수 'aiReturn aiMaterial::Get(const char *,unsigned int,unsigned int,Type *,unsigned int *) const'에서 수행되었습니다.
D:\VisualStudio Projects\Rockman-Dash-Dark\Reference\Header\Assimp\assimp\material.inl(101,47): error C3878: 구문 오류: 예기치 않은 토큰 ':'이(가) 'expression_statement' 다음에 있습니다.
D:\VisualStudio Projects\Rockman-Dash-Dark\Reference\Header\Assimp\assimp\material.h(725,14): message : 이 진단은 컴파일러 생성 함수 'aiReturn aiMaterial::Get(const char *,unsigned int,unsigned int,Type *,unsigned int *) const'에서 수행되었습니다.
D:\VisualStudio Projects\Rockman-Dash-Dark\Reference\Header\Assimp\assimp\material.inl(101,47): message : 오류 복구를 건너뛰었습니다. ':'
D:\VisualStudio Projects\Rockman-Dash-Dark\Reference\Header\Assimp\assimp\material.h(725,14): message : 이 진단은 컴파일러 생성 함수 'aiReturn aiMaterial::Get(const char *,unsigned int,unsigned int,Type *,unsigned int *) const'에서 수행되었습니다.
D:\VisualStudio Projects\Rockman-Dash-Dark\Reference\Header\Assimp\assimp\material.inl(101,47): message : 오류 복구를 건너뛰었습니다. ') )'
D:\VisualStudio Projects\Rockman-Dash-Dark\Reference\Header\Assimp\assimp\material.h(725,14): message : 이 진단은 컴파일러 생성 함수 'aiReturn aiMaterial::Get(const char *,unsigned int,unsigned int,Type *,unsigned int *) const'에서 수행되었습니다.
D:\VisualStudio Projects\Rockman-Dash-Dark\Engine\Public\Base.h(29,8): warning C4273: 'Engine::CBase::CBase': dll 연결이 일치하지 않습니다.
D:\VisualStudio Projects\Rockman-Dash-Dark\Engine\Public\Base.h(10,2): message : '{ctor}'의 이전 정의를 참조하십시오.
D:\VisualStudio Projects\Rockman-Dash-Dark\Engine\Public\Base.h(34,8): warning C4273: 'Engine::CBase::CBase': dll 연결이 일치하지 않습니다.
D:\VisualStudio Projects\Rockman-Dash-Dark\Engine\Public\Base.h(11,2): message : '{ctor}'의 이전 정의를 참조하십시오.
D:\VisualStudio Projects\Rockman-Dash-Dark\Engine\Public\Base.h(39,9): warning C4273: 'Engine::CBase::~CBase': dll 연결이 일치하지 않습니다.
D:\VisualStudio Projects\Rockman-Dash-Dark\Engine\Public\Base.h(12,11): message : '{dtor}'의 이전 정의를 참조하십시오.
