  unity_OPKSUC7CBMTQ7BSO.cpp
D:\VisualStudio Projects\Rockman-Dash-Dark\Engine\Public\Component\PrimitiveComponent.h(32,2): warning C4002: 함수 같은 매크로 호출 'GETSET_1'에 대해 인수가 너무 많습니다.
D:\VisualStudio Projects\Rockman-Dash-Dark\Engine\Private\BaseClass\GameObject.cpp(99): warning C4715: 'Engine::CGameObject::Get_Component': 모든 제어 경로에서 값을 반환하지는 않습니다.
     Bin\x64\Debug\Engine.lib 라이브러리 및 Bin\x64\Debug\Engine.exp 개체를 생성하고 있습니다.
  Engine.vcxproj -> D:\VisualStudio Projects\Rockman-Dash-Dark\Engine\Bin\x64\Debug\Engine.dll
  헤더가 읽기모드로 복사되었습니다. 바이너리 파일이 복사되었습니다.
  .\Public\Base.h
  .\Public\Base.inl
  .\Public\Engine_Const.h
  .\Public\Engine_Define.h
  .\Public\Engine_Enum.h
  .\Public\Engine_Function.h
  .\Public\Engine_Macro.h
  .\Public\Engine_Struct.h
  .\Public\Engine_Typedef.h
  .\Public\Export_Engine.h
  .\Public\Export_Engine.inl
  .\Public\BaseClass\GameObject.h
  .\Public\BaseClass\GameObject_Enum.h
  .\Public\Component\Component_Enum.h
  .\Public\Component\PrimitiveComponent.h
  .\Public\Component\SceneComponent.h
  .\Public\Component\TransformComponent.h
  .\Public\System\GraphicDev.h
  18개 파일이 복사되었습니다.
  Bin\x64\Debug\Engine.lib
  1개 파일이 복사되었습니다.
  Bin\x64\Debug\Engine.dll
  1개 파일이 복사되었습니다.
